180410 221055.254|CONFIG|AWT-EventQueue-0|setFileHandlers|Now logging to D:\桌面\ITSA_Login3\ITSA_Login3\bin\logs directory.
180410 221055.254|INFO|AWT-EventQueue-0|info|
180410 221055.255|INFO|AWT-EventQueue-0|info|Version 9.5.3 20180207 (Wednesday, February 7th 2018 04:25 UTC) Java ver 1.8.0_45 build 4653 Windows NT (unknown) 10.0 (amd64) 
180410 221055.255|INFO|AWT-EventQueue-0|info|Login: team610 (aka team610)
180410 221055.255|INFO|AWT-EventQueue-0|startLog|Working directory is D:\桌面\ITSA_Login3\ITSA_Login3\bin
180410 221055.256|INFO|AWT-EventQueue-0|startLog|Process id is 16900@LAPTOP-F0C4MNFQ
180410 221055.256|INFO|AWT-EventQueue-0|info|Contacting server at 140.116.82.72:50002 as TEAM610 @ site 0
180410 221055.256|INFO|AWT-EventQueue-0|info|sendLoginRequest start - sending from TEAM610 @ site 0
180410 221055.264|INFO|AWT-EventQueue-0|sendToLocalServer|Sending packet to server Packet[LOGIN_REQUEST] #1 TEAM610 @ site 0 -> SERVER0 @ site 0
180410 221055.264|INFO|Thread-4|run|send(Serializable)
180410 221055.265|INFO|AWT-EventQueue-0|sendToLocalServer|Sent    packet to server Packet[LOGIN_REQUEST] #1 TEAM610 @ site 0 -> SERVER0 @ site 0
180410 221055.266|INFO|AWT-EventQueue-0|info|sendLoginRequest end - packet sent.
180410 221055.685|INFO|Thread-1|receive|public void receive(SealedObject TransportPacket, ConnectionHandlerID connectionHandlerID)
180410 221055.690|INFO|Thread-5|info| receiveObject(S) start got Packet[LOGIN_FAILED] #298 SERVER0 @ site 1 -> TEAM610 @ site 0
180410 221055.691|INFO|Thread-5|dumpPacket|Packet LOGIN_FAILED (Seq #298 ) recieveObject
180410 221055.691|INFO|Thread-5|dumpPacket|  From: SERVER0 @ site 1 (User-PC @ 140.116.82.72) (Contest Id: Default-5078223832395999985)
180410 221055.692|INFO|Thread-5|dumpPacket|    To: TEAM610 @ site 0
180410 221055.692|INFO|Thread-5|dumpPacket|   key: MESSAGE_STRING is: java.lang.String Invalid password
180410 221055.693|INFO|Thread-5|info|handlePacket start Packet[LOGIN_FAILED] #298 SERVER0 @ site 1 -> TEAM610 @ site 0
180410 221055.694|INFO|Thread-5|dumpPacket|Packet LOGIN_FAILED (Seq #298 ) handlePacket
180410 221055.694|INFO|Thread-5|dumpPacket|  From: SERVER0 @ site 1 (User-PC @ 140.116.82.72) (Contest Id: Default-5078223832395999985)
180410 221055.694|INFO|Thread-5|dumpPacket|    To: TEAM610 @ site 0
180410 221055.694|INFO|Thread-5|dumpPacket|   key: MESSAGE_STRING is: java.lang.String Invalid password
180410 221057.019|INFO|Thread-5|info| receiveObject(S) end   got Packet[LOGIN_FAILED] #298 SERVER0 @ site 1 -> TEAM610 @ site 0
180411 181237.668|CONFIG|AWT-EventQueue-0|setFileHandlers|Now logging to D:\桌面\ITSA_Login3\ITSA_Login3\bin\logs directory.
180411 181237.668|INFO|AWT-EventQueue-0|info|
180411 181237.669|INFO|AWT-EventQueue-0|info|Version 9.5.3 20180207 (Wednesday, February 7th 2018 04:25 UTC) Java ver 1.8.0_45 build 4653 Windows NT (unknown) 10.0 (amd64) 
180411 181237.669|INFO|AWT-EventQueue-0|info|Login: team610 (aka team610)
180411 181237.669|INFO|AWT-EventQueue-0|startLog|Working directory is D:\桌面\ITSA_Login3\ITSA_Login3\bin
180411 181237.669|INFO|AWT-EventQueue-0|startLog|Process id is 15096@LAPTOP-F0C4MNFQ
180411 181237.670|INFO|AWT-EventQueue-0|info|Contacting server at 140.116.82.72:50002 as TEAM610 @ site 0
180411 181237.670|INFO|AWT-EventQueue-0|info|sendLoginRequest start - sending from TEAM610 @ site 0
180411 181237.675|INFO|AWT-EventQueue-0|sendToLocalServer|Sending packet to server Packet[LOGIN_REQUEST] #1 TEAM610 @ site 0 -> SERVER0 @ site 0
180411 181237.676|INFO|Thread-4|run|send(Serializable)
180411 181237.677|INFO|AWT-EventQueue-0|sendToLocalServer|Sent    packet to server Packet[LOGIN_REQUEST] #1 TEAM610 @ site 0 -> SERVER0 @ site 0
180411 181237.677|INFO|AWT-EventQueue-0|info|sendLoginRequest end - packet sent.
180411 181238.134|INFO|Thread-1|receive|public void receive(SealedObject TransportPacket, ConnectionHandlerID connectionHandlerID)
180411 181238.136|INFO|Thread-5|info| receiveObject(S) start got Packet[LOGIN_FAILED] #728 SERVER0 @ site 1 -> TEAM610 @ site 0
180411 181238.136|INFO|Thread-5|dumpPacket|Packet LOGIN_FAILED (Seq #728 ) recieveObject
180411 181238.137|INFO|Thread-5|dumpPacket|  From: SERVER0 @ site 1 (User-PC @ 140.116.82.72) (Contest Id: Default-5078223832395999985)
180411 181238.137|INFO|Thread-5|dumpPacket|    To: TEAM610 @ site 0
180411 181238.137|INFO|Thread-5|dumpPacket|   key: MESSAGE_STRING is: java.lang.String Invalid password
180411 181238.137|INFO|Thread-5|info|handlePacket start Packet[LOGIN_FAILED] #728 SERVER0 @ site 1 -> TEAM610 @ site 0
180411 181238.137|INFO|Thread-5|dumpPacket|Packet LOGIN_FAILED (Seq #728 ) handlePacket
180411 181238.137|INFO|Thread-5|dumpPacket|  From: SERVER0 @ site 1 (User-PC @ 140.116.82.72) (Contest Id: Default-5078223832395999985)
180411 181238.137|INFO|Thread-5|dumpPacket|    To: TEAM610 @ site 0
180411 181238.137|INFO|Thread-5|dumpPacket|   key: MESSAGE_STRING is: java.lang.String Invalid password
180411 181239.304|INFO|Thread-5|info| receiveObject(S) end   got Packet[LOGIN_FAILED] #728 SERVER0 @ site 1 -> TEAM610 @ site 0
180411 183011.779|CONFIG|AWT-EventQueue-0|setFileHandlers|Now logging to D:\桌面\ITSA_Login3\ITSA_Login3\bin\logs directory.
180411 183011.779|INFO|AWT-EventQueue-0|info|
180411 183011.779|INFO|AWT-EventQueue-0|info|Version 9.5.3 20180207 (Wednesday, February 7th 2018 04:25 UTC) Java ver 1.8.0_45 build 4653 Windows NT (unknown) 10.0 (amd64) 
180411 183011.779|INFO|AWT-EventQueue-0|info|Login: team610 (aka team610)
180411 183011.780|INFO|AWT-EventQueue-0|startLog|Working directory is D:\桌面\ITSA_Login3\ITSA_Login3\bin
180411 183011.780|INFO|AWT-EventQueue-0|startLog|Process id is 10860@LAPTOP-F0C4MNFQ
180411 183011.780|INFO|AWT-EventQueue-0|info|Contacting server at 140.116.82.72:50002 as TEAM610 @ site 0
180411 183011.781|INFO|AWT-EventQueue-0|info|sendLoginRequest start - sending from TEAM610 @ site 0
180411 183011.785|INFO|AWT-EventQueue-0|sendToLocalServer|Sending packet to server Packet[LOGIN_REQUEST] #1 TEAM610 @ site 0 -> SERVER0 @ site 0
180411 183011.786|INFO|Thread-4|run|send(Serializable)
180411 183011.788|INFO|AWT-EventQueue-0|sendToLocalServer|Sent    packet to server Packet[LOGIN_REQUEST] #1 TEAM610 @ site 0 -> SERVER0 @ site 0
180411 183011.789|INFO|AWT-EventQueue-0|info|sendLoginRequest end - packet sent.
180411 183012.305|INFO|Thread-1|receive|public void receive(SealedObject TransportPacket, ConnectionHandlerID connectionHandlerID)
180411 183012.358|INFO|Thread-5|info| receiveObject(S) start got Packet[LOGIN_SUCCESS] #2160 SERVER0 @ site 1 -> TEAM610 @ site 1
180411 183012.358|INFO|Thread-5|dumpPacket|Packet LOGIN_SUCCESS (Seq #2160 ) recieveObject
180411 183012.358|INFO|Thread-5|dumpPacket|  From: SERVER0 @ site 1 (User-PC @ 140.116.82.72) (Contest Id: Default-5078223832395999985)
180411 183012.358|INFO|Thread-5|dumpPacket|    To: TEAM610 @ site 1
180411 183012.359|INFO|Thread-5|dumpPacket|   key: ACCOUNT_ARRAY is: [Ledu.csus.ecs.pc2.core.model.Account; [Ledu.csus.ecs.pc2.core.model.Account;@106be5c6
180411 183012.359|INFO|Thread-5|dumpPacket|   key: GENERAL_PROBLEM is: edu.csus.ecs.pc2.core.model.Problem General
180411 183012.359|INFO|Thread-5|dumpPacket|   key: SERVER_CLOCK_OFFSET is: java.util.GregorianCalendar java.util.GregorianCalendar[time=1523442639565,areFieldsSet=true,areAllFieldsSet=false,lenient=true,zone=sun.util.calendar.ZoneInfo[id="GMT",offset=0,dstSavings=0,useDaylight=false,transitions=0,lastRule=null],firstDayOfWeek=1,minimalDaysInFirstWeek=1,ERA=1,YEAR=2018,MONTH=3,WEEK_OF_YEAR=15,WEEK_OF_MONTH=2,DAY_OF_MONTH=11,DAY_OF_YEAR=101,DAY_OF_WEEK=4,DAY_OF_WEEK_IN_MONTH=2,AM_PM=0,HOUR=10,HOUR_OF_DAY=10,MINUTE=30,SECOND=39,MILLISECOND=565,ZONE_OFFSET=0,DST_OFFSET=0]
180411 183012.359|INFO|Thread-5|dumpPacket|   key: JUDGEMENT_LIST is: [Ledu.csus.ecs.pc2.core.model.Judgement; [Ledu.csus.ecs.pc2.core.model.Judgement;@1eac09bb
180411 183012.359|INFO|Thread-5|dumpPacket|   key: PROBLEM_DATA_FILES is: [Ledu.csus.ecs.pc2.core.model.ProblemDataFiles; [Ledu.csus.ecs.pc2.core.model.ProblemDataFiles;@1a938eb6
180411 183012.359|INFO|Thread-5|dumpPacket|   key: LANGUAGE_LIST is: [Ledu.csus.ecs.pc2.core.model.Language; [Ledu.csus.ecs.pc2.core.model.Language;@5f910380
180411 183012.359|INFO|Thread-5|dumpPacket|   key: PROFILE is: edu.csus.ecs.pc2.core.model.Profile Default-5903634455156413467
180411 183012.359|INFO|Thread-5|dumpPacket|   key: BALLOON_SETTINGS_LIST is: [Ledu.csus.ecs.pc2.core.model.BalloonSettings; [Ledu.csus.ecs.pc2.core.model.BalloonSettings;@101b9861
180411 183012.360|INFO|Thread-5|dumpPacket|   key: REMOTE_LOGGED_IN_USERS is: [Ledu.csus.ecs.pc2.core.model.ClientId; [Ledu.csus.ecs.pc2.core.model.ClientId;@6e84ba08
180411 183012.360|INFO|Thread-5|dumpPacket|   key: CLARIFICATION_LIST is: [Ledu.csus.ecs.pc2.core.model.Clarification; [Ledu.csus.ecs.pc2.core.model.Clarification;@68e47f50
180411 183012.360|INFO|Thread-5|dumpPacket|   key: CONTEST_IDENTIFIER is: java.lang.String Default-5078223832395999985
180411 183012.360|INFO|Thread-5|dumpPacket|   key: PROBLEM_LIST is: [Ledu.csus.ecs.pc2.core.model.Problem; [Ledu.csus.ecs.pc2.core.model.Problem;@3fbefccf
180411 183012.360|INFO|Thread-5|dumpPacket|   key: SITE_NUMBER is: java.lang.Integer 1
180411 183012.360|INFO|Thread-5|dumpPacket|   key: CATEGORY_LIST is: [Ledu.csus.ecs.pc2.core.model.Category; [Ledu.csus.ecs.pc2.core.model.Category;@732aa3c9
180411 183012.360|INFO|Thread-5|dumpPacket|   key: CLIENT_SETTINGS_LIST is: [Ledu.csus.ecs.pc2.core.model.ClientSettings; [Ledu.csus.ecs.pc2.core.model.ClientSettings;@38b5135e
180411 183012.360|INFO|Thread-5|dumpPacket|   key: LOCAL_LOGGED_IN_USERS is: [Ledu.csus.ecs.pc2.core.model.ClientId; [Ledu.csus.ecs.pc2.core.model.ClientId;@73e0f5e7
180411 183012.360|INFO|Thread-5|dumpPacket|   key: CLIENT_ID is: edu.csus.ecs.pc2.core.model.ClientId TEAM610 @ site 1
180411 183012.360|INFO|Thread-5|dumpPacket|   key: GROUP_LIST is: [Ledu.csus.ecs.pc2.core.model.Group; [Ledu.csus.ecs.pc2.core.model.Group;@3bf027d0
180411 183012.360|INFO|Thread-5|dumpPacket|   key: CONNECTION_HANDLE_ID_LIST is: [Ledu.csus.ecs.pc2.core.transport.ConnectionHandlerID; [Ledu.csus.ecs.pc2.core.transport.ConnectionHandlerID;@1d62ff8c
180411 183012.361|INFO|Thread-5|dumpPacket|   key: CONTEST_TIME is: edu.csus.ecs.pc2.core.model.ContestTime edu.csus.ecs.pc2.core.model.ContestTime@ddd209d
180411 183012.361|INFO|Thread-5|dumpPacket|   key: PROFILE_LIST is: [Ledu.csus.ecs.pc2.core.model.Profile; [Ledu.csus.ecs.pc2.core.model.Profile;@79e6a30c
180411 183012.361|INFO|Thread-5|dumpPacket|   key: CONTEST_TIME_LIST is: [Ledu.csus.ecs.pc2.core.model.ContestTime; [Ledu.csus.ecs.pc2.core.model.ContestTime;@4392c547
180411 183012.361|INFO|Thread-5|dumpPacket|   key: CONTEST_INFORMATION is: edu.csus.ecs.pc2.core.model.ContestInformation edu.csus.ecs.pc2.core.model.ContestInformation@4986dc26
180411 183012.361|INFO|Thread-5|dumpPacket|   key: SITE_LIST is: [Ledu.csus.ecs.pc2.core.model.Site; [Ledu.csus.ecs.pc2.core.model.Site;@2dbbc443
180411 183012.361|INFO|Thread-5|dumpPacket|   key: RUN_LIST is: [Ledu.csus.ecs.pc2.core.model.Run; [Ledu.csus.ecs.pc2.core.model.Run;@6109ec3b
180411 183012.361|INFO|Thread-5|info|handlePacket start Packet[LOGIN_SUCCESS] #2160 SERVER0 @ site 1 -> TEAM610 @ site 1
180411 183012.361|INFO|Thread-5|dumpPacket|Packet LOGIN_SUCCESS (Seq #2160 ) handlePacket
180411 183012.361|INFO|Thread-5|dumpPacket|  From: SERVER0 @ site 1 (User-PC @ 140.116.82.72) (Contest Id: Default-5078223832395999985)
180411 183012.361|INFO|Thread-5|dumpPacket|    To: TEAM610 @ site 1
180411 183012.361|INFO|Thread-5|dumpPacket|   key: ACCOUNT_ARRAY is: [Ledu.csus.ecs.pc2.core.model.Account; [Ledu.csus.ecs.pc2.core.model.Account;@106be5c6
180411 183012.362|INFO|Thread-5|dumpPacket|   key: GENERAL_PROBLEM is: edu.csus.ecs.pc2.core.model.Problem General
180411 183012.362|INFO|Thread-5|dumpPacket|   key: SERVER_CLOCK_OFFSET is: java.util.GregorianCalendar java.util.GregorianCalendar[time=1523442639565,areFieldsSet=true,areAllFieldsSet=false,lenient=true,zone=sun.util.calendar.ZoneInfo[id="GMT",offset=0,dstSavings=0,useDaylight=false,transitions=0,lastRule=null],firstDayOfWeek=1,minimalDaysInFirstWeek=1,ERA=1,YEAR=2018,MONTH=3,WEEK_OF_YEAR=15,WEEK_OF_MONTH=2,DAY_OF_MONTH=11,DAY_OF_YEAR=101,DAY_OF_WEEK=4,DAY_OF_WEEK_IN_MONTH=2,AM_PM=0,HOUR=10,HOUR_OF_DAY=10,MINUTE=30,SECOND=39,MILLISECOND=565,ZONE_OFFSET=0,DST_OFFSET=0]
180411 183012.362|INFO|Thread-5|dumpPacket|   key: JUDGEMENT_LIST is: [Ledu.csus.ecs.pc2.core.model.Judgement; [Ledu.csus.ecs.pc2.core.model.Judgement;@1eac09bb
180411 183012.362|INFO|Thread-5|dumpPacket|   key: PROBLEM_DATA_FILES is: [Ledu.csus.ecs.pc2.core.model.ProblemDataFiles; [Ledu.csus.ecs.pc2.core.model.ProblemDataFiles;@1a938eb6
180411 183012.362|INFO|Thread-5|dumpPacket|   key: LANGUAGE_LIST is: [Ledu.csus.ecs.pc2.core.model.Language; [Ledu.csus.ecs.pc2.core.model.Language;@5f910380
180411 183012.362|INFO|Thread-5|dumpPacket|   key: PROFILE is: edu.csus.ecs.pc2.core.model.Profile Default-5903634455156413467
180411 183012.362|INFO|Thread-5|dumpPacket|   key: BALLOON_SETTINGS_LIST is: [Ledu.csus.ecs.pc2.core.model.BalloonSettings; [Ledu.csus.ecs.pc2.core.model.BalloonSettings;@101b9861
180411 183012.362|INFO|Thread-5|dumpPacket|   key: REMOTE_LOGGED_IN_USERS is: [Ledu.csus.ecs.pc2.core.model.ClientId; [Ledu.csus.ecs.pc2.core.model.ClientId;@6e84ba08
180411 183012.363|INFO|Thread-5|dumpPacket|   key: CLARIFICATION_LIST is: [Ledu.csus.ecs.pc2.core.model.Clarification; [Ledu.csus.ecs.pc2.core.model.Clarification;@68e47f50
180411 183012.363|INFO|Thread-5|dumpPacket|   key: CONTEST_IDENTIFIER is: java.lang.String Default-5078223832395999985
180411 183012.363|INFO|Thread-5|dumpPacket|   key: PROBLEM_LIST is: [Ledu.csus.ecs.pc2.core.model.Problem; [Ledu.csus.ecs.pc2.core.model.Problem;@3fbefccf
180411 183012.363|INFO|Thread-5|dumpPacket|   key: SITE_NUMBER is: java.lang.Integer 1
180411 183012.363|INFO|Thread-5|dumpPacket|   key: CATEGORY_LIST is: [Ledu.csus.ecs.pc2.core.model.Category; [Ledu.csus.ecs.pc2.core.model.Category;@732aa3c9
180411 183012.363|INFO|Thread-5|dumpPacket|   key: CLIENT_SETTINGS_LIST is: [Ledu.csus.ecs.pc2.core.model.ClientSettings; [Ledu.csus.ecs.pc2.core.model.ClientSettings;@38b5135e
180411 183012.363|INFO|Thread-5|dumpPacket|   key: LOCAL_LOGGED_IN_USERS is: [Ledu.csus.ecs.pc2.core.model.ClientId; [Ledu.csus.ecs.pc2.core.model.ClientId;@73e0f5e7
180411 183012.363|INFO|Thread-5|dumpPacket|   key: CLIENT_ID is: edu.csus.ecs.pc2.core.model.ClientId TEAM610 @ site 1
180411 183012.363|INFO|Thread-5|dumpPacket|   key: GROUP_LIST is: [Ledu.csus.ecs.pc2.core.model.Group; [Ledu.csus.ecs.pc2.core.model.Group;@3bf027d0
180411 183012.363|INFO|Thread-5|dumpPacket|   key: CONNECTION_HANDLE_ID_LIST is: [Ledu.csus.ecs.pc2.core.transport.ConnectionHandlerID; [Ledu.csus.ecs.pc2.core.transport.ConnectionHandlerID;@1d62ff8c
180411 183012.363|INFO|Thread-5|dumpPacket|   key: CONTEST_TIME is: edu.csus.ecs.pc2.core.model.ContestTime edu.csus.ecs.pc2.core.model.ContestTime@ddd209d
180411 183012.363|INFO|Thread-5|dumpPacket|   key: PROFILE_LIST is: [Ledu.csus.ecs.pc2.core.model.Profile; [Ledu.csus.ecs.pc2.core.model.Profile;@79e6a30c
180411 183012.364|INFO|Thread-5|dumpPacket|   key: CONTEST_TIME_LIST is: [Ledu.csus.ecs.pc2.core.model.ContestTime; [Ledu.csus.ecs.pc2.core.model.ContestTime;@4392c547
180411 183012.364|INFO|Thread-5|dumpPacket|   key: CONTEST_INFORMATION is: edu.csus.ecs.pc2.core.model.ContestInformation edu.csus.ecs.pc2.core.model.ContestInformation@4986dc26
180411 183012.364|INFO|Thread-5|dumpPacket|   key: SITE_LIST is: [Ledu.csus.ecs.pc2.core.model.Site; [Ledu.csus.ecs.pc2.core.model.Site;@2dbbc443
180411 183012.364|INFO|Thread-5|dumpPacket|   key: RUN_LIST is: [Ledu.csus.ecs.pc2.core.model.Run; [Ledu.csus.ecs.pc2.core.model.Run;@6109ec3b
180411 183027.912|INFO|Thread-7|run|send(Serializable)
180411 183028.007|INFO|Thread-1|receive|public void receive(SealedObject TransportPacket, ConnectionHandlerID connectionHandlerID)
180411 183028.678|INFO|Thread-1|receive|public void receive(SealedObject TransportPacket, ConnectionHandlerID connectionHandlerID)
180411 183804.730|INFO|Thread-10|run|send(Serializable)
180411 183804.862|INFO|Thread-1|receive|public void receive(SealedObject TransportPacket, ConnectionHandlerID connectionHandlerID)
180411 183805.791|INFO|Thread-1|receive|public void receive(SealedObject TransportPacket, ConnectionHandlerID connectionHandlerID)
180411 183855.923|INFO|Thread-13|run|send(Serializable)
180411 183856.038|INFO|Thread-1|receive|public void receive(SealedObject TransportPacket, ConnectionHandlerID connectionHandlerID)
180411 183858.220|INFO|Thread-1|receive|public void receive(SealedObject TransportPacket, ConnectionHandlerID connectionHandlerID)
180411 184114.308|INFO|Thread-16|run|send(Serializable)
180411 184114.427|INFO|Thread-1|receive|public void receive(SealedObject TransportPacket, ConnectionHandlerID connectionHandlerID)
180411 184116.869|INFO|Thread-1|receive|public void receive(SealedObject TransportPacket, ConnectionHandlerID connectionHandlerID)
180411 184341.626|INFO|Thread-19|run|send(Serializable)
180411 184341.757|INFO|Thread-1|receive|public void receive(SealedObject TransportPacket, ConnectionHandlerID connectionHandlerID)
180411 184343.309|INFO|Thread-1|receive|public void receive(SealedObject TransportPacket, ConnectionHandlerID connectionHandlerID)
180411 184721.065|INFO|Thread-22|run|send(Serializable)
180411 184721.174|INFO|Thread-1|receive|public void receive(SealedObject TransportPacket, ConnectionHandlerID connectionHandlerID)
180411 184722.122|INFO|Thread-1|receive|public void receive(SealedObject TransportPacket, ConnectionHandlerID connectionHandlerID)
180411 184936.324|INFO|Thread-25|run|send(Serializable)
180411 184936.592|INFO|Thread-1|receive|public void receive(SealedObject TransportPacket, ConnectionHandlerID connectionHandlerID)
180411 184937.912|INFO|Thread-1|receive|public void receive(SealedObject TransportPacket, ConnectionHandlerID connectionHandlerID)
180411 190810.449|INFO|Thread-28|run|send(Serializable)
180411 190810.734|INFO|Thread-1|receive|public void receive(SealedObject TransportPacket, ConnectionHandlerID connectionHandlerID)
180411 190812.541|INFO|Thread-1|receive|public void receive(SealedObject TransportPacket, ConnectionHandlerID connectionHandlerID)
180411 191107.613|INFO|Thread-31|run|send(Serializable)
180411 191108.051|INFO|Thread-1|receive|public void receive(SealedObject TransportPacket, ConnectionHandlerID connectionHandlerID)
180411 191109.183|INFO|Thread-1|receive|public void receive(SealedObject TransportPacket, ConnectionHandlerID connectionHandlerID)
180411 192411.050|INFO|Thread-34|run|send(Serializable)
180411 192411.336|INFO|Thread-1|receive|public void receive(SealedObject TransportPacket, ConnectionHandlerID connectionHandlerID)
180411 192413.048|INFO|Thread-1|receive|public void receive(SealedObject TransportPacket, ConnectionHandlerID connectionHandlerID)
180411 192439.333|INFO|Thread-37|run|send(Serializable)
180411 192439.641|INFO|Thread-1|receive|public void receive(SealedObject TransportPacket, ConnectionHandlerID connectionHandlerID)
180411 192440.797|INFO|Thread-1|receive|public void receive(SealedObject TransportPacket, ConnectionHandlerID connectionHandlerID)
180411 200955.747|INFO|Thread-40|run|send(Serializable)
180411 201012.318|CONFIG|AWT-EventQueue-0|setFileHandlers|Now logging to D:\桌面\ITSA_Login3\ITSA_Login3\bin\logs directory.
180411 201012.318|INFO|AWT-EventQueue-0|info|
180411 201012.318|INFO|AWT-EventQueue-0|info|Version 9.5.3 20180207 (Wednesday, February 7th 2018 04:25 UTC) Java ver 1.8.0_45 build 4653 Windows NT (unknown) 10.0 (amd64) 
180411 201012.318|INFO|AWT-EventQueue-0|info|Login: team610 (aka team610)
180411 201012.318|INFO|AWT-EventQueue-0|startLog|Working directory is D:\桌面\ITSA_Login3\ITSA_Login3\bin
180411 201012.318|INFO|AWT-EventQueue-0|startLog|Process id is 1016@LAPTOP-F0C4MNFQ
180411 201012.318|INFO|AWT-EventQueue-0|info|Contacting server at 140.116.82.72:50002 as TEAM610 @ site 0
180411 201012.318|INFO|AWT-EventQueue-0|info|sendLoginRequest start - sending from TEAM610 @ site 0
180411 201012.318|INFO|AWT-EventQueue-0|sendToLocalServer|Sending packet to server Packet[LOGIN_REQUEST] #1 TEAM610 @ site 0 -> SERVER0 @ site 0
180411 201012.318|INFO|Thread-4|run|send(Serializable)
180411 201012.318|INFO|AWT-EventQueue-0|sendToLocalServer|Sent    packet to server Packet[LOGIN_REQUEST] #1 TEAM610 @ site 0 -> SERVER0 @ site 0
180411 201012.318|INFO|AWT-EventQueue-0|info|sendLoginRequest end - packet sent.
180411 201012.840|INFO|Thread-1|receive|public void receive(SealedObject TransportPacket, ConnectionHandlerID connectionHandlerID)
180411 201012.887|INFO|Thread-5|info| receiveObject(S) start got Packet[LOGIN_SUCCESS] #10942 SERVER0 @ site 1 -> TEAM610 @ site 1
180411 201012.887|INFO|Thread-5|dumpPacket|Packet LOGIN_SUCCESS (Seq #10942 ) recieveObject
180411 201012.887|INFO|Thread-5|dumpPacket|  From: SERVER0 @ site 1 (User-PC @ 140.116.82.72) (Contest Id: Default-5078223832395999985)
180411 201012.887|INFO|Thread-5|dumpPacket|    To: TEAM610 @ site 1
180411 201012.887|INFO|Thread-5|dumpPacket|   key: ACCOUNT_ARRAY is: [Ledu.csus.ecs.pc2.core.model.Account; [Ledu.csus.ecs.pc2.core.model.Account;@3ab6b05c
180411 201012.887|INFO|Thread-5|dumpPacket|   key: GENERAL_PROBLEM is: edu.csus.ecs.pc2.core.model.Problem General
180411 201012.887|INFO|Thread-5|dumpPacket|   key: SERVER_CLOCK_OFFSET is: java.util.GregorianCalendar java.util.GregorianCalendar[time=1523448640242,areFieldsSet=true,areAllFieldsSet=false,lenient=true,zone=sun.util.calendar.ZoneInfo[id="GMT",offset=0,dstSavings=0,useDaylight=false,transitions=0,lastRule=null],firstDayOfWeek=1,minimalDaysInFirstWeek=1,ERA=1,YEAR=2018,MONTH=3,WEEK_OF_YEAR=15,WEEK_OF_MONTH=2,DAY_OF_MONTH=11,DAY_OF_YEAR=101,DAY_OF_WEEK=4,DAY_OF_WEEK_IN_MONTH=2,AM_PM=1,HOUR=0,HOUR_OF_DAY=12,MINUTE=10,SECOND=40,MILLISECOND=242,ZONE_OFFSET=0,DST_OFFSET=0]
180411 201012.887|INFO|Thread-5|dumpPacket|   key: JUDGEMENT_LIST is: [Ledu.csus.ecs.pc2.core.model.Judgement; [Ledu.csus.ecs.pc2.core.model.Judgement;@3471597a
180411 201012.887|INFO|Thread-5|dumpPacket|   key: PROBLEM_DATA_FILES is: [Ledu.csus.ecs.pc2.core.model.ProblemDataFiles; [Ledu.csus.ecs.pc2.core.model.ProblemDataFiles;@304edb2c
180411 201012.887|INFO|Thread-5|dumpPacket|   key: LANGUAGE_LIST is: [Ledu.csus.ecs.pc2.core.model.Language; [Ledu.csus.ecs.pc2.core.model.Language;@754c5341
180411 201012.887|INFO|Thread-5|dumpPacket|   key: PROFILE is: edu.csus.ecs.pc2.core.model.Profile Default-5903634455156413467
180411 201012.887|INFO|Thread-5|dumpPacket|   key: BALLOON_SETTINGS_LIST is: [Ledu.csus.ecs.pc2.core.model.BalloonSettings; [Ledu.csus.ecs.pc2.core.model.BalloonSettings;@7a7739e4
180411 201012.887|INFO|Thread-5|dumpPacket|   key: REMOTE_LOGGED_IN_USERS is: [Ledu.csus.ecs.pc2.core.model.ClientId; [Ledu.csus.ecs.pc2.core.model.ClientId;@44730559
180411 201012.887|INFO|Thread-5|dumpPacket|   key: CLARIFICATION_LIST is: [Ledu.csus.ecs.pc2.core.model.Clarification; [Ledu.csus.ecs.pc2.core.model.Clarification;@2a23140
180411 201012.887|INFO|Thread-5|dumpPacket|   key: CONTEST_IDENTIFIER is: java.lang.String Default-5078223832395999985
180411 201012.887|INFO|Thread-5|dumpPacket|   key: PROBLEM_LIST is: [Ledu.csus.ecs.pc2.core.model.Problem; [Ledu.csus.ecs.pc2.core.model.Problem;@1563ac0e
180411 201012.887|INFO|Thread-5|dumpPacket|   key: SITE_NUMBER is: java.lang.Integer 1
180411 201012.887|INFO|Thread-5|dumpPacket|   key: CATEGORY_LIST is: [Ledu.csus.ecs.pc2.core.model.Category; [Ledu.csus.ecs.pc2.core.model.Category;@56181f5f
180411 201012.887|INFO|Thread-5|dumpPacket|   key: CLIENT_SETTINGS_LIST is: [Ledu.csus.ecs.pc2.core.model.ClientSettings; [Ledu.csus.ecs.pc2.core.model.ClientSettings;@a1d8108
180411 201012.887|INFO|Thread-5|dumpPacket|   key: LOCAL_LOGGED_IN_USERS is: [Ledu.csus.ecs.pc2.core.model.ClientId; [Ledu.csus.ecs.pc2.core.model.ClientId;@19a6993a
180411 201012.887|INFO|Thread-5|dumpPacket|   key: CLIENT_ID is: edu.csus.ecs.pc2.core.model.ClientId TEAM610 @ site 1
180411 201012.887|INFO|Thread-5|dumpPacket|   key: GROUP_LIST is: [Ledu.csus.ecs.pc2.core.model.Group; [Ledu.csus.ecs.pc2.core.model.Group;@112d55dc
180411 201012.887|INFO|Thread-5|dumpPacket|   key: CONNECTION_HANDLE_ID_LIST is: [Ledu.csus.ecs.pc2.core.transport.ConnectionHandlerID; [Ledu.csus.ecs.pc2.core.transport.ConnectionHandlerID;@7595241
180411 201012.887|INFO|Thread-5|dumpPacket|   key: CONTEST_TIME is: edu.csus.ecs.pc2.core.model.ContestTime edu.csus.ecs.pc2.core.model.ContestTime@61aa9663
180411 201012.887|INFO|Thread-5|dumpPacket|   key: PROFILE_LIST is: [Ledu.csus.ecs.pc2.core.model.Profile; [Ledu.csus.ecs.pc2.core.model.Profile;@4c68bc25
180411 201012.887|INFO|Thread-5|dumpPacket|   key: CONTEST_TIME_LIST is: [Ledu.csus.ecs.pc2.core.model.ContestTime; [Ledu.csus.ecs.pc2.core.model.ContestTime;@379093c1
180411 201012.887|INFO|Thread-5|dumpPacket|   key: CONTEST_INFORMATION is: edu.csus.ecs.pc2.core.model.ContestInformation edu.csus.ecs.pc2.core.model.ContestInformation@7a161428
180411 201012.887|INFO|Thread-5|dumpPacket|   key: SITE_LIST is: [Ledu.csus.ecs.pc2.core.model.Site; [Ledu.csus.ecs.pc2.core.model.Site;@4f3a9c87
180411 201012.887|INFO|Thread-5|dumpPacket|   key: RUN_LIST is: [Ledu.csus.ecs.pc2.core.model.Run; [Ledu.csus.ecs.pc2.core.model.Run;@463a98d1
180411 201012.887|INFO|Thread-5|info|handlePacket start Packet[LOGIN_SUCCESS] #10942 SERVER0 @ site 1 -> TEAM610 @ site 1
180411 201012.887|INFO|Thread-5|dumpPacket|Packet LOGIN_SUCCESS (Seq #10942 ) handlePacket
180411 201012.887|INFO|Thread-5|dumpPacket|  From: SERVER0 @ site 1 (User-PC @ 140.116.82.72) (Contest Id: Default-5078223832395999985)
180411 201012.887|INFO|Thread-5|dumpPacket|    To: TEAM610 @ site 1
180411 201012.887|INFO|Thread-5|dumpPacket|   key: ACCOUNT_ARRAY is: [Ledu.csus.ecs.pc2.core.model.Account; [Ledu.csus.ecs.pc2.core.model.Account;@3ab6b05c
180411 201012.887|INFO|Thread-5|dumpPacket|   key: GENERAL_PROBLEM is: edu.csus.ecs.pc2.core.model.Problem General
180411 201012.887|INFO|Thread-5|dumpPacket|   key: SERVER_CLOCK_OFFSET is: java.util.GregorianCalendar java.util.GregorianCalendar[time=1523448640242,areFieldsSet=true,areAllFieldsSet=false,lenient=true,zone=sun.util.calendar.ZoneInfo[id="GMT",offset=0,dstSavings=0,useDaylight=false,transitions=0,lastRule=null],firstDayOfWeek=1,minimalDaysInFirstWeek=1,ERA=1,YEAR=2018,MONTH=3,WEEK_OF_YEAR=15,WEEK_OF_MONTH=2,DAY_OF_MONTH=11,DAY_OF_YEAR=101,DAY_OF_WEEK=4,DAY_OF_WEEK_IN_MONTH=2,AM_PM=1,HOUR=0,HOUR_OF_DAY=12,MINUTE=10,SECOND=40,MILLISECOND=242,ZONE_OFFSET=0,DST_OFFSET=0]
180411 201012.887|INFO|Thread-5|dumpPacket|   key: JUDGEMENT_LIST is: [Ledu.csus.ecs.pc2.core.model.Judgement; [Ledu.csus.ecs.pc2.core.model.Judgement;@3471597a
180411 201012.887|INFO|Thread-5|dumpPacket|   key: PROBLEM_DATA_FILES is: [Ledu.csus.ecs.pc2.core.model.ProblemDataFiles; [Ledu.csus.ecs.pc2.core.model.ProblemDataFiles;@304edb2c
180411 201012.887|INFO|Thread-5|dumpPacket|   key: LANGUAGE_LIST is: [Ledu.csus.ecs.pc2.core.model.Language; [Ledu.csus.ecs.pc2.core.model.Language;@754c5341
180411 201012.887|INFO|Thread-5|dumpPacket|   key: PROFILE is: edu.csus.ecs.pc2.core.model.Profile Default-5903634455156413467
180411 201012.887|INFO|Thread-5|dumpPacket|   key: BALLOON_SETTINGS_LIST is: [Ledu.csus.ecs.pc2.core.model.BalloonSettings; [Ledu.csus.ecs.pc2.core.model.BalloonSettings;@7a7739e4
180411 201012.887|INFO|Thread-5|dumpPacket|   key: REMOTE_LOGGED_IN_USERS is: [Ledu.csus.ecs.pc2.core.model.ClientId; [Ledu.csus.ecs.pc2.core.model.ClientId;@44730559
180411 201012.887|INFO|Thread-5|dumpPacket|   key: CLARIFICATION_LIST is: [Ledu.csus.ecs.pc2.core.model.Clarification; [Ledu.csus.ecs.pc2.core.model.Clarification;@2a23140
180411 201012.887|INFO|Thread-5|dumpPacket|   key: CONTEST_IDENTIFIER is: java.lang.String Default-5078223832395999985
180411 201012.887|INFO|Thread-5|dumpPacket|   key: PROBLEM_LIST is: [Ledu.csus.ecs.pc2.core.model.Problem; [Ledu.csus.ecs.pc2.core.model.Problem;@1563ac0e
180411 201012.887|INFO|Thread-5|dumpPacket|   key: SITE_NUMBER is: java.lang.Integer 1
180411 201012.887|INFO|Thread-5|dumpPacket|   key: CATEGORY_LIST is: [Ledu.csus.ecs.pc2.core.model.Category; [Ledu.csus.ecs.pc2.core.model.Category;@56181f5f
180411 201012.887|INFO|Thread-5|dumpPacket|   key: CLIENT_SETTINGS_LIST is: [Ledu.csus.ecs.pc2.core.model.ClientSettings; [Ledu.csus.ecs.pc2.core.model.ClientSettings;@a1d8108
180411 201012.887|INFO|Thread-5|dumpPacket|   key: LOCAL_LOGGED_IN_USERS is: [Ledu.csus.ecs.pc2.core.model.ClientId; [Ledu.csus.ecs.pc2.core.model.ClientId;@19a6993a
180411 201012.887|INFO|Thread-5|dumpPacket|   key: CLIENT_ID is: edu.csus.ecs.pc2.core.model.ClientId TEAM610 @ site 1
180411 201012.887|INFO|Thread-5|dumpPacket|   key: GROUP_LIST is: [Ledu.csus.ecs.pc2.core.model.Group; [Ledu.csus.ecs.pc2.core.model.Group;@112d55dc
180411 201012.887|INFO|Thread-5|dumpPacket|   key: CONNECTION_HANDLE_ID_LIST is: [Ledu.csus.ecs.pc2.core.transport.ConnectionHandlerID; [Ledu.csus.ecs.pc2.core.transport.ConnectionHandlerID;@7595241
180411 201012.887|INFO|Thread-5|dumpPacket|   key: CONTEST_TIME is: edu.csus.ecs.pc2.core.model.ContestTime edu.csus.ecs.pc2.core.model.ContestTime@61aa9663
180411 201012.887|INFO|Thread-5|dumpPacket|   key: PROFILE_LIST is: [Ledu.csus.ecs.pc2.core.model.Profile; [Ledu.csus.ecs.pc2.core.model.Profile;@4c68bc25
180411 201012.887|INFO|Thread-5|dumpPacket|   key: CONTEST_TIME_LIST is: [Ledu.csus.ecs.pc2.core.model.ContestTime; [Ledu.csus.ecs.pc2.core.model.ContestTime;@379093c1
180411 201012.887|INFO|Thread-5|dumpPacket|   key: CONTEST_INFORMATION is: edu.csus.ecs.pc2.core.model.ContestInformation edu.csus.ecs.pc2.core.model.ContestInformation@7a161428
180411 201012.887|INFO|Thread-5|dumpPacket|   key: SITE_LIST is: [Ledu.csus.ecs.pc2.core.model.Site; [Ledu.csus.ecs.pc2.core.model.Site;@4f3a9c87
180411 201012.887|INFO|Thread-5|dumpPacket|   key: RUN_LIST is: [Ledu.csus.ecs.pc2.core.model.Run; [Ledu.csus.ecs.pc2.core.model.Run;@463a98d1
180411 201028.809|INFO|Thread-7|run|send(Serializable)
180411 201029.107|INFO|Thread-1|receive|public void receive(SealedObject TransportPacket, ConnectionHandlerID connectionHandlerID)
180411 201030.747|INFO|Thread-1|receive|public void receive(SealedObject TransportPacket, ConnectionHandlerID connectionHandlerID)
180411 203449.028|CONFIG|AWT-EventQueue-0|setFileHandlers|Now logging to D:\桌面\ITSA_Login3\ITSA_Login3\bin\logs directory.
180411 203449.028|INFO|AWT-EventQueue-0|info|
180411 203449.028|INFO|AWT-EventQueue-0|info|Version 9.5.3 20180207 (Wednesday, February 7th 2018 04:25 UTC) Java ver 1.8.0_45 build 4653 Windows NT (unknown) 10.0 (amd64) 
180411 203449.028|INFO|AWT-EventQueue-0|info|Login: team610 (aka team610)
180411 203449.028|INFO|AWT-EventQueue-0|startLog|Working directory is D:\桌面\ITSA_Login3\ITSA_Login3\bin
180411 203449.028|INFO|AWT-EventQueue-0|startLog|Process id is 17276@LAPTOP-F0C4MNFQ
180411 203449.028|INFO|AWT-EventQueue-0|info|Contacting server at 140.116.82.72:50002 as TEAM610 @ site 0
180411 203449.028|INFO|AWT-EventQueue-0|info|sendLoginRequest start - sending from TEAM610 @ site 0
180411 203449.044|INFO|AWT-EventQueue-0|sendToLocalServer|Sending packet to server Packet[LOGIN_REQUEST] #1 TEAM610 @ site 0 -> SERVER0 @ site 0
180411 203449.044|INFO|Thread-4|run|send(Serializable)
180411 203449.044|INFO|AWT-EventQueue-0|sendToLocalServer|Sent    packet to server Packet[LOGIN_REQUEST] #1 TEAM610 @ site 0 -> SERVER0 @ site 0
180411 203449.044|INFO|AWT-EventQueue-0|info|sendLoginRequest end - packet sent.
180411 203449.560|INFO|Thread-1|receive|public void receive(SealedObject TransportPacket, ConnectionHandlerID connectionHandlerID)
180411 203449.606|INFO|Thread-5|info| receiveObject(S) start got Packet[LOGIN_SUCCESS] #12380 SERVER0 @ site 1 -> TEAM610 @ site 1
180411 203449.606|INFO|Thread-5|dumpPacket|Packet LOGIN_SUCCESS (Seq #12380 ) recieveObject
180411 203449.606|INFO|Thread-5|dumpPacket|  From: SERVER0 @ site 1 (User-PC @ 140.116.82.72) (Contest Id: Default-5078223832395999985)
180411 203449.606|INFO|Thread-5|dumpPacket|    To: TEAM610 @ site 1
180411 203449.606|INFO|Thread-5|dumpPacket|   key: ACCOUNT_ARRAY is: [Ledu.csus.ecs.pc2.core.model.Account; [Ledu.csus.ecs.pc2.core.model.Account;@60ff0da7
180411 203449.606|INFO|Thread-5|dumpPacket|   key: GENERAL_PROBLEM is: edu.csus.ecs.pc2.core.model.Problem General
180411 203449.606|INFO|Thread-5|dumpPacket|   key: SERVER_CLOCK_OFFSET is: java.util.GregorianCalendar java.util.GregorianCalendar[time=1523450117010,areFieldsSet=true,areAllFieldsSet=false,lenient=true,zone=sun.util.calendar.ZoneInfo[id="GMT",offset=0,dstSavings=0,useDaylight=false,transitions=0,lastRule=null],firstDayOfWeek=1,minimalDaysInFirstWeek=1,ERA=1,YEAR=2018,MONTH=3,WEEK_OF_YEAR=15,WEEK_OF_MONTH=2,DAY_OF_MONTH=11,DAY_OF_YEAR=101,DAY_OF_WEEK=4,DAY_OF_WEEK_IN_MONTH=2,AM_PM=1,HOUR=0,HOUR_OF_DAY=12,MINUTE=35,SECOND=17,MILLISECOND=10,ZONE_OFFSET=0,DST_OFFSET=0]
180411 203449.606|INFO|Thread-5|dumpPacket|   key: JUDGEMENT_LIST is: [Ledu.csus.ecs.pc2.core.model.Judgement; [Ledu.csus.ecs.pc2.core.model.Judgement;@6e38efc8
180411 203449.606|INFO|Thread-5|dumpPacket|   key: PROBLEM_DATA_FILES is: [Ledu.csus.ecs.pc2.core.model.ProblemDataFiles; [Ledu.csus.ecs.pc2.core.model.ProblemDataFiles;@6a0766d7
180411 203449.606|INFO|Thread-5|dumpPacket|   key: LANGUAGE_LIST is: [Ledu.csus.ecs.pc2.core.model.Language; [Ledu.csus.ecs.pc2.core.model.Language;@2f05e5f3
180411 203449.606|INFO|Thread-5|dumpPacket|   key: PROFILE is: edu.csus.ecs.pc2.core.model.Profile Default-5903634455156413467
180411 203449.606|INFO|Thread-5|dumpPacket|   key: BALLOON_SETTINGS_LIST is: [Ledu.csus.ecs.pc2.core.model.BalloonSettings; [Ledu.csus.ecs.pc2.core.model.BalloonSettings;@378f4781
180411 203449.606|INFO|Thread-5|dumpPacket|   key: REMOTE_LOGGED_IN_USERS is: [Ledu.csus.ecs.pc2.core.model.ClientId; [Ledu.csus.ecs.pc2.core.model.ClientId;@1e60a817
180411 203449.606|INFO|Thread-5|dumpPacket|   key: CLARIFICATION_LIST is: [Ledu.csus.ecs.pc2.core.model.Clarification; [Ledu.csus.ecs.pc2.core.model.Clarification;@4f0054d2
180411 203449.606|INFO|Thread-5|dumpPacket|   key: CONTEST_IDENTIFIER is: java.lang.String Default-5078223832395999985
180411 203449.606|INFO|Thread-5|dumpPacket|   key: PROBLEM_LIST is: [Ledu.csus.ecs.pc2.core.model.Problem; [Ledu.csus.ecs.pc2.core.model.Problem;@4f2a1abc
180411 203449.606|INFO|Thread-5|dumpPacket|   key: SITE_NUMBER is: java.lang.Integer 1
180411 203449.606|INFO|Thread-5|dumpPacket|   key: CATEGORY_LIST is: [Ledu.csus.ecs.pc2.core.model.Category; [Ledu.csus.ecs.pc2.core.model.Category;@2d4ff97
180411 203449.606|INFO|Thread-5|dumpPacket|   key: CLIENT_SETTINGS_LIST is: [Ledu.csus.ecs.pc2.core.model.ClientSettings; [Ledu.csus.ecs.pc2.core.model.ClientSettings;@196fdfca
180411 203449.606|INFO|Thread-5|dumpPacket|   key: LOCAL_LOGGED_IN_USERS is: [Ledu.csus.ecs.pc2.core.model.ClientId; [Ledu.csus.ecs.pc2.core.model.ClientId;@5404bef1
180411 203449.606|INFO|Thread-5|dumpPacket|   key: CLIENT_ID is: edu.csus.ecs.pc2.core.model.ClientId TEAM610 @ site 1
180411 203449.606|INFO|Thread-5|dumpPacket|   key: GROUP_LIST is: [Ledu.csus.ecs.pc2.core.model.Group; [Ledu.csus.ecs.pc2.core.model.Group;@4b64a137
180411 203449.606|INFO|Thread-5|dumpPacket|   key: CONNECTION_HANDLE_ID_LIST is: [Ledu.csus.ecs.pc2.core.transport.ConnectionHandlerID; [Ledu.csus.ecs.pc2.core.transport.ConnectionHandlerID;@6e69c78b
180411 203449.606|INFO|Thread-5|dumpPacket|   key: CONTEST_TIME is: edu.csus.ecs.pc2.core.model.ContestTime edu.csus.ecs.pc2.core.model.ContestTime@99fd403
180411 203449.606|INFO|Thread-5|dumpPacket|   key: PROFILE_LIST is: [Ledu.csus.ecs.pc2.core.model.Profile; [Ledu.csus.ecs.pc2.core.model.Profile;@789d10f7
180411 203449.606|INFO|Thread-5|dumpPacket|   key: CONTEST_TIME_LIST is: [Ledu.csus.ecs.pc2.core.model.ContestTime; [Ledu.csus.ecs.pc2.core.model.ContestTime;@169e7bca
180411 203449.606|INFO|Thread-5|dumpPacket|   key: CONTEST_INFORMATION is: edu.csus.ecs.pc2.core.model.ContestInformation edu.csus.ecs.pc2.core.model.ContestInformation@36eba30d
180411 203449.606|INFO|Thread-5|dumpPacket|   key: SITE_LIST is: [Ledu.csus.ecs.pc2.core.model.Site; [Ledu.csus.ecs.pc2.core.model.Site;@4123461f
180411 203449.606|INFO|Thread-5|dumpPacket|   key: RUN_LIST is: [Ledu.csus.ecs.pc2.core.model.Run; [Ledu.csus.ecs.pc2.core.model.Run;@5129fc64
180411 203449.606|INFO|Thread-5|info|handlePacket start Packet[LOGIN_SUCCESS] #12380 SERVER0 @ site 1 -> TEAM610 @ site 1
180411 203449.606|INFO|Thread-5|dumpPacket|Packet LOGIN_SUCCESS (Seq #12380 ) handlePacket
180411 203449.606|INFO|Thread-5|dumpPacket|  From: SERVER0 @ site 1 (User-PC @ 140.116.82.72) (Contest Id: Default-5078223832395999985)
180411 203449.606|INFO|Thread-5|dumpPacket|    To: TEAM610 @ site 1
180411 203449.606|INFO|Thread-5|dumpPacket|   key: ACCOUNT_ARRAY is: [Ledu.csus.ecs.pc2.core.model.Account; [Ledu.csus.ecs.pc2.core.model.Account;@60ff0da7
180411 203449.606|INFO|Thread-5|dumpPacket|   key: GENERAL_PROBLEM is: edu.csus.ecs.pc2.core.model.Problem General
180411 203449.606|INFO|Thread-5|dumpPacket|   key: SERVER_CLOCK_OFFSET is: java.util.GregorianCalendar java.util.GregorianCalendar[time=1523450117010,areFieldsSet=true,areAllFieldsSet=false,lenient=true,zone=sun.util.calendar.ZoneInfo[id="GMT",offset=0,dstSavings=0,useDaylight=false,transitions=0,lastRule=null],firstDayOfWeek=1,minimalDaysInFirstWeek=1,ERA=1,YEAR=2018,MONTH=3,WEEK_OF_YEAR=15,WEEK_OF_MONTH=2,DAY_OF_MONTH=11,DAY_OF_YEAR=101,DAY_OF_WEEK=4,DAY_OF_WEEK_IN_MONTH=2,AM_PM=1,HOUR=0,HOUR_OF_DAY=12,MINUTE=35,SECOND=17,MILLISECOND=10,ZONE_OFFSET=0,DST_OFFSET=0]
180411 203449.606|INFO|Thread-5|dumpPacket|   key: JUDGEMENT_LIST is: [Ledu.csus.ecs.pc2.core.model.Judgement; [Ledu.csus.ecs.pc2.core.model.Judgement;@6e38efc8
180411 203449.606|INFO|Thread-5|dumpPacket|   key: PROBLEM_DATA_FILES is: [Ledu.csus.ecs.pc2.core.model.ProblemDataFiles; [Ledu.csus.ecs.pc2.core.model.ProblemDataFiles;@6a0766d7
180411 203449.606|INFO|Thread-5|dumpPacket|   key: LANGUAGE_LIST is: [Ledu.csus.ecs.pc2.core.model.Language; [Ledu.csus.ecs.pc2.core.model.Language;@2f05e5f3
180411 203449.606|INFO|Thread-5|dumpPacket|   key: PROFILE is: edu.csus.ecs.pc2.core.model.Profile Default-5903634455156413467
180411 203449.606|INFO|Thread-5|dumpPacket|   key: BALLOON_SETTINGS_LIST is: [Ledu.csus.ecs.pc2.core.model.BalloonSettings; [Ledu.csus.ecs.pc2.core.model.BalloonSettings;@378f4781
180411 203449.606|INFO|Thread-5|dumpPacket|   key: REMOTE_LOGGED_IN_USERS is: [Ledu.csus.ecs.pc2.core.model.ClientId; [Ledu.csus.ecs.pc2.core.model.ClientId;@1e60a817
180411 203449.606|INFO|Thread-5|dumpPacket|   key: CLARIFICATION_LIST is: [Ledu.csus.ecs.pc2.core.model.Clarification; [Ledu.csus.ecs.pc2.core.model.Clarification;@4f0054d2
180411 203449.606|INFO|Thread-5|dumpPacket|   key: CONTEST_IDENTIFIER is: java.lang.String Default-5078223832395999985
180411 203449.606|INFO|Thread-5|dumpPacket|   key: PROBLEM_LIST is: [Ledu.csus.ecs.pc2.core.model.Problem; [Ledu.csus.ecs.pc2.core.model.Problem;@4f2a1abc
180411 203449.606|INFO|Thread-5|dumpPacket|   key: SITE_NUMBER is: java.lang.Integer 1
180411 203449.606|INFO|Thread-5|dumpPacket|   key: CATEGORY_LIST is: [Ledu.csus.ecs.pc2.core.model.Category; [Ledu.csus.ecs.pc2.core.model.Category;@2d4ff97
180411 203449.606|INFO|Thread-5|dumpPacket|   key: CLIENT_SETTINGS_LIST is: [Ledu.csus.ecs.pc2.core.model.ClientSettings; [Ledu.csus.ecs.pc2.core.model.ClientSettings;@196fdfca
180411 203449.606|INFO|Thread-5|dumpPacket|   key: LOCAL_LOGGED_IN_USERS is: [Ledu.csus.ecs.pc2.core.model.ClientId; [Ledu.csus.ecs.pc2.core.model.ClientId;@5404bef1
180411 203449.606|INFO|Thread-5|dumpPacket|   key: CLIENT_ID is: edu.csus.ecs.pc2.core.model.ClientId TEAM610 @ site 1
180411 203449.606|INFO|Thread-5|dumpPacket|   key: GROUP_LIST is: [Ledu.csus.ecs.pc2.core.model.Group; [Ledu.csus.ecs.pc2.core.model.Group;@4b64a137
180411 203449.606|INFO|Thread-5|dumpPacket|   key: CONNECTION_HANDLE_ID_LIST is: [Ledu.csus.ecs.pc2.core.transport.ConnectionHandlerID; [Ledu.csus.ecs.pc2.core.transport.ConnectionHandlerID;@6e69c78b
180411 203449.606|INFO|Thread-5|dumpPacket|   key: CONTEST_TIME is: edu.csus.ecs.pc2.core.model.ContestTime edu.csus.ecs.pc2.core.model.ContestTime@99fd403
180411 203449.606|INFO|Thread-5|dumpPacket|   key: PROFILE_LIST is: [Ledu.csus.ecs.pc2.core.model.Profile; [Ledu.csus.ecs.pc2.core.model.Profile;@789d10f7
180411 203449.606|INFO|Thread-5|dumpPacket|   key: CONTEST_TIME_LIST is: [Ledu.csus.ecs.pc2.core.model.ContestTime; [Ledu.csus.ecs.pc2.core.model.ContestTime;@169e7bca
180411 203449.606|INFO|Thread-5|dumpPacket|   key: CONTEST_INFORMATION is: edu.csus.ecs.pc2.core.model.ContestInformation edu.csus.ecs.pc2.core.model.ContestInformation@36eba30d
180411 203449.606|INFO|Thread-5|dumpPacket|   key: SITE_LIST is: [Ledu.csus.ecs.pc2.core.model.Site; [Ledu.csus.ecs.pc2.core.model.Site;@4123461f
180411 203449.606|INFO|Thread-5|dumpPacket|   key: RUN_LIST is: [Ledu.csus.ecs.pc2.core.model.Run; [Ledu.csus.ecs.pc2.core.model.Run;@5129fc64
180411 203501.748|INFO|Thread-7|run|send(Serializable)
180411 203502.092|INFO|Thread-1|receive|public void receive(SealedObject TransportPacket, ConnectionHandlerID connectionHandlerID)
180411 203503.654|INFO|Thread-1|receive|public void receive(SealedObject TransportPacket, ConnectionHandlerID connectionHandlerID)
