180410 221109.188|CONFIG|AWT-EventQueue-0|setFileHandlers|Now logging to D:\桌面\ITSA_Login3\ITSA_Login3\bin\logs directory.
180410 221109.188|INFO|AWT-EventQueue-0|info|
180410 221109.188|INFO|AWT-EventQueue-0|info|Version 9.5.3 20180207 (Wednesday, February 7th 2018 04:25 UTC) Java ver 1.8.0_45 build 4653 Windows NT (unknown) 10.0 (amd64) 
180410 221109.188|INFO|AWT-EventQueue-0|info|Login: team610 (aka team610)
180410 221109.189|INFO|AWT-EventQueue-0|startLog|Working directory is D:\桌面\ITSA_Login3\ITSA_Login3\bin
180410 221109.189|INFO|AWT-EventQueue-0|startLog|Process id is 16900@LAPTOP-F0C4MNFQ
180410 221109.189|INFO|AWT-EventQueue-0|info|Contacting server at 140.116.82.72:50002 as TEAM610 @ site 0
180410 221109.208|INFO|AWT-EventQueue-0|info|sendLoginRequest start - sending from TEAM610 @ site 0
180410 221109.209|INFO|AWT-EventQueue-0|sendToLocalServer|Sending packet to server Packet[LOGIN_REQUEST] #2 TEAM610 @ site 0 -> SERVER0 @ site 0
180410 221109.209|INFO|AWT-EventQueue-0|sendToLocalServer|Sent    packet to server Packet[LOGIN_REQUEST] #2 TEAM610 @ site 0 -> SERVER0 @ site 0
180410 221109.210|INFO|AWT-EventQueue-0|info|sendLoginRequest end - packet sent.
180410 221109.210|INFO|Thread-6|run|send(Serializable)
180410 221109.534|INFO|Thread-1|receive|public void receive(SealedObject TransportPacket, ConnectionHandlerID connectionHandlerID)
180410 221109.537|INFO|Thread-7|info| receiveObject(S) start got Packet[LOGIN_FAILED] #299 SERVER0 @ site 1 -> TEAM610 @ site 0
180410 221109.538|INFO|Thread-7|dumpPacket|Packet LOGIN_FAILED (Seq #299 ) recieveObject
180410 221109.538|INFO|Thread-7|dumpPacket|  From: SERVER0 @ site 1 (User-PC @ 140.116.82.72) (Contest Id: Default-5078223832395999985)
180410 221109.538|INFO|Thread-7|dumpPacket|    To: TEAM610 @ site 0
180410 221109.539|INFO|Thread-7|dumpPacket|   key: MESSAGE_STRING is: java.lang.String Invalid password
180410 221109.539|INFO|Thread-7|info|handlePacket start Packet[LOGIN_FAILED] #299 SERVER0 @ site 1 -> TEAM610 @ site 0
180410 221109.539|INFO|Thread-7|dumpPacket|Packet LOGIN_FAILED (Seq #299 ) handlePacket
180410 221109.540|INFO|Thread-7|dumpPacket|  From: SERVER0 @ site 1 (User-PC @ 140.116.82.72) (Contest Id: Default-5078223832395999985)
180410 221109.540|INFO|Thread-7|dumpPacket|    To: TEAM610 @ site 0
180410 221109.540|INFO|Thread-7|dumpPacket|   key: MESSAGE_STRING is: java.lang.String Invalid password
180410 221110.597|INFO|Thread-7|info| receiveObject(S) end   got Packet[LOGIN_FAILED] #299 SERVER0 @ site 1 -> TEAM610 @ site 0
180411 181247.479|CONFIG|AWT-EventQueue-0|setFileHandlers|Now logging to D:\桌面\ITSA_Login3\ITSA_Login3\bin\logs directory.
180411 181247.493|INFO|AWT-EventQueue-0|info|
180411 181247.493|INFO|AWT-EventQueue-0|info|Version 9.5.3 20180207 (Wednesday, February 7th 2018 04:25 UTC) Java ver 1.8.0_45 build 4653 Windows NT (unknown) 10.0 (amd64) 
180411 181247.493|INFO|AWT-EventQueue-0|info|Login: team610 (aka team610)
180411 181247.494|INFO|AWT-EventQueue-0|startLog|Working directory is D:\桌面\ITSA_Login3\ITSA_Login3\bin
180411 181247.496|INFO|AWT-EventQueue-0|startLog|Process id is 15096@LAPTOP-F0C4MNFQ
180411 181247.496|INFO|AWT-EventQueue-0|info|Contacting server at 140.116.82.72:50002 as TEAM610 @ site 0
180411 181247.496|INFO|AWT-EventQueue-0|info|sendLoginRequest start - sending from TEAM610 @ site 0
180411 181247.497|INFO|AWT-EventQueue-0|sendToLocalServer|Sending packet to server Packet[LOGIN_REQUEST] #2 TEAM610 @ site 0 -> SERVER0 @ site 0
180411 181247.497|INFO|AWT-EventQueue-0|sendToLocalServer|Sent    packet to server Packet[LOGIN_REQUEST] #2 TEAM610 @ site 0 -> SERVER0 @ site 0
180411 181247.498|INFO|AWT-EventQueue-0|info|sendLoginRequest end - packet sent.
180411 181247.498|INFO|Thread-6|run|send(Serializable)
180411 181247.897|INFO|Thread-1|receive|public void receive(SealedObject TransportPacket, ConnectionHandlerID connectionHandlerID)
180411 181247.942|INFO|Thread-7|info| receiveObject(S) start got Packet[LOGIN_SUCCESS] #737 SERVER0 @ site 1 -> TEAM610 @ site 1
180411 181247.942|INFO|Thread-7|dumpPacket|Packet LOGIN_SUCCESS (Seq #737 ) recieveObject
180411 181247.942|INFO|Thread-7|dumpPacket|  From: SERVER0 @ site 1 (User-PC @ 140.116.82.72) (Contest Id: Default-5078223832395999985)
180411 181247.942|INFO|Thread-7|dumpPacket|    To: TEAM610 @ site 1
180411 181247.942|INFO|Thread-7|dumpPacket|   key: ACCOUNT_ARRAY is: [Ledu.csus.ecs.pc2.core.model.Account; [Ledu.csus.ecs.pc2.core.model.Account;@5d2dad74
180411 181247.942|INFO|Thread-7|dumpPacket|   key: GENERAL_PROBLEM is: edu.csus.ecs.pc2.core.model.Problem General
180411 181247.943|INFO|Thread-7|dumpPacket|   key: SERVER_CLOCK_OFFSET is: java.util.GregorianCalendar java.util.GregorianCalendar[time=1523441595147,areFieldsSet=true,areAllFieldsSet=false,lenient=true,zone=sun.util.calendar.ZoneInfo[id="GMT",offset=0,dstSavings=0,useDaylight=false,transitions=0,lastRule=null],firstDayOfWeek=1,minimalDaysInFirstWeek=1,ERA=1,YEAR=2018,MONTH=3,WEEK_OF_YEAR=15,WEEK_OF_MONTH=2,DAY_OF_MONTH=11,DAY_OF_YEAR=101,DAY_OF_WEEK=4,DAY_OF_WEEK_IN_MONTH=2,AM_PM=0,HOUR=10,HOUR_OF_DAY=10,MINUTE=13,SECOND=15,MILLISECOND=147,ZONE_OFFSET=0,DST_OFFSET=0]
180411 181247.943|INFO|Thread-7|dumpPacket|   key: JUDGEMENT_LIST is: [Ledu.csus.ecs.pc2.core.model.Judgement; [Ledu.csus.ecs.pc2.core.model.Judgement;@53ea58a1
180411 181247.943|INFO|Thread-7|dumpPacket|   key: PROBLEM_DATA_FILES is: [Ledu.csus.ecs.pc2.core.model.ProblemDataFiles; [Ledu.csus.ecs.pc2.core.model.ProblemDataFiles;@57d5c604
180411 181247.943|INFO|Thread-7|dumpPacket|   key: LANGUAGE_LIST is: [Ledu.csus.ecs.pc2.core.model.Language; [Ledu.csus.ecs.pc2.core.model.Language;@12d7529a
180411 181247.943|INFO|Thread-7|dumpPacket|   key: PROFILE is: edu.csus.ecs.pc2.core.model.Profile Default-5903634455156413467
180411 181247.943|INFO|Thread-7|dumpPacket|   key: BALLOON_SETTINGS_LIST is: [Ledu.csus.ecs.pc2.core.model.BalloonSettings; [Ledu.csus.ecs.pc2.core.model.BalloonSettings;@22a10bb9
180411 181247.943|INFO|Thread-7|dumpPacket|   key: REMOTE_LOGGED_IN_USERS is: [Ledu.csus.ecs.pc2.core.model.ClientId; [Ledu.csus.ecs.pc2.core.model.ClientId;@230f601c
180411 181247.943|INFO|Thread-7|dumpPacket|   key: CLARIFICATION_LIST is: [Ledu.csus.ecs.pc2.core.model.Clarification; [Ledu.csus.ecs.pc2.core.model.Clarification;@5a93679f
180411 181247.943|INFO|Thread-7|dumpPacket|   key: CONTEST_IDENTIFIER is: java.lang.String Default-5078223832395999985
180411 181247.943|INFO|Thread-7|dumpPacket|   key: PROBLEM_LIST is: [Ledu.csus.ecs.pc2.core.model.Problem; [Ledu.csus.ecs.pc2.core.model.Problem;@72f8add5
180411 181247.943|INFO|Thread-7|dumpPacket|   key: SITE_NUMBER is: java.lang.Integer 1
180411 181247.943|INFO|Thread-7|dumpPacket|   key: CATEGORY_LIST is: [Ledu.csus.ecs.pc2.core.model.Category; [Ledu.csus.ecs.pc2.core.model.Category;@58ae9cf0
180411 181247.944|INFO|Thread-7|dumpPacket|   key: CLIENT_SETTINGS_LIST is: [Ledu.csus.ecs.pc2.core.model.ClientSettings; [Ledu.csus.ecs.pc2.core.model.ClientSettings;@f90879
180411 181247.944|INFO|Thread-7|dumpPacket|   key: LOCAL_LOGGED_IN_USERS is: [Ledu.csus.ecs.pc2.core.model.ClientId; [Ledu.csus.ecs.pc2.core.model.ClientId;@41972866
180411 181247.944|INFO|Thread-7|dumpPacket|   key: CLIENT_ID is: edu.csus.ecs.pc2.core.model.ClientId TEAM610 @ site 1
180411 181247.944|INFO|Thread-7|dumpPacket|   key: GROUP_LIST is: [Ledu.csus.ecs.pc2.core.model.Group; [Ledu.csus.ecs.pc2.core.model.Group;@76b6b384
180411 181247.944|INFO|Thread-7|dumpPacket|   key: CONNECTION_HANDLE_ID_LIST is: [Ledu.csus.ecs.pc2.core.transport.ConnectionHandlerID; [Ledu.csus.ecs.pc2.core.transport.ConnectionHandlerID;@5a53f8be
180411 181247.944|INFO|Thread-7|dumpPacket|   key: CONTEST_TIME is: edu.csus.ecs.pc2.core.model.ContestTime edu.csus.ecs.pc2.core.model.ContestTime@12a1894d
180411 181247.944|INFO|Thread-7|dumpPacket|   key: PROFILE_LIST is: [Ledu.csus.ecs.pc2.core.model.Profile; [Ledu.csus.ecs.pc2.core.model.Profile;@6a8d4767
180411 181247.944|INFO|Thread-7|dumpPacket|   key: CONTEST_TIME_LIST is: [Ledu.csus.ecs.pc2.core.model.ContestTime; [Ledu.csus.ecs.pc2.core.model.ContestTime;@29e4e321
180411 181247.944|INFO|Thread-7|dumpPacket|   key: CONTEST_INFORMATION is: edu.csus.ecs.pc2.core.model.ContestInformation edu.csus.ecs.pc2.core.model.ContestInformation@6cb768ab
180411 181247.944|INFO|Thread-7|dumpPacket|   key: SITE_LIST is: [Ledu.csus.ecs.pc2.core.model.Site; [Ledu.csus.ecs.pc2.core.model.Site;@72426f91
180411 181247.944|INFO|Thread-7|dumpPacket|   key: RUN_LIST is: [Ledu.csus.ecs.pc2.core.model.Run; [Ledu.csus.ecs.pc2.core.model.Run;@7274a8c1
180411 181247.944|INFO|Thread-7|info|handlePacket start Packet[LOGIN_SUCCESS] #737 SERVER0 @ site 1 -> TEAM610 @ site 1
180411 181247.944|INFO|Thread-7|dumpPacket|Packet LOGIN_SUCCESS (Seq #737 ) handlePacket
180411 181247.944|INFO|Thread-7|dumpPacket|  From: SERVER0 @ site 1 (User-PC @ 140.116.82.72) (Contest Id: Default-5078223832395999985)
180411 181247.945|INFO|Thread-7|dumpPacket|    To: TEAM610 @ site 1
180411 181247.945|INFO|Thread-7|dumpPacket|   key: ACCOUNT_ARRAY is: [Ledu.csus.ecs.pc2.core.model.Account; [Ledu.csus.ecs.pc2.core.model.Account;@5d2dad74
180411 181247.945|INFO|Thread-7|dumpPacket|   key: GENERAL_PROBLEM is: edu.csus.ecs.pc2.core.model.Problem General
180411 181247.945|INFO|Thread-7|dumpPacket|   key: SERVER_CLOCK_OFFSET is: java.util.GregorianCalendar java.util.GregorianCalendar[time=1523441595147,areFieldsSet=true,areAllFieldsSet=false,lenient=true,zone=sun.util.calendar.ZoneInfo[id="GMT",offset=0,dstSavings=0,useDaylight=false,transitions=0,lastRule=null],firstDayOfWeek=1,minimalDaysInFirstWeek=1,ERA=1,YEAR=2018,MONTH=3,WEEK_OF_YEAR=15,WEEK_OF_MONTH=2,DAY_OF_MONTH=11,DAY_OF_YEAR=101,DAY_OF_WEEK=4,DAY_OF_WEEK_IN_MONTH=2,AM_PM=0,HOUR=10,HOUR_OF_DAY=10,MINUTE=13,SECOND=15,MILLISECOND=147,ZONE_OFFSET=0,DST_OFFSET=0]
180411 181247.945|INFO|Thread-7|dumpPacket|   key: JUDGEMENT_LIST is: [Ledu.csus.ecs.pc2.core.model.Judgement; [Ledu.csus.ecs.pc2.core.model.Judgement;@53ea58a1
180411 181247.945|INFO|Thread-7|dumpPacket|   key: PROBLEM_DATA_FILES is: [Ledu.csus.ecs.pc2.core.model.ProblemDataFiles; [Ledu.csus.ecs.pc2.core.model.ProblemDataFiles;@57d5c604
180411 181247.945|INFO|Thread-7|dumpPacket|   key: LANGUAGE_LIST is: [Ledu.csus.ecs.pc2.core.model.Language; [Ledu.csus.ecs.pc2.core.model.Language;@12d7529a
180411 181247.945|INFO|Thread-7|dumpPacket|   key: PROFILE is: edu.csus.ecs.pc2.core.model.Profile Default-5903634455156413467
180411 181247.945|INFO|Thread-7|dumpPacket|   key: BALLOON_SETTINGS_LIST is: [Ledu.csus.ecs.pc2.core.model.BalloonSettings; [Ledu.csus.ecs.pc2.core.model.BalloonSettings;@22a10bb9
180411 181247.945|INFO|Thread-7|dumpPacket|   key: REMOTE_LOGGED_IN_USERS is: [Ledu.csus.ecs.pc2.core.model.ClientId; [Ledu.csus.ecs.pc2.core.model.ClientId;@230f601c
180411 181247.945|INFO|Thread-7|dumpPacket|   key: CLARIFICATION_LIST is: [Ledu.csus.ecs.pc2.core.model.Clarification; [Ledu.csus.ecs.pc2.core.model.Clarification;@5a93679f
180411 181247.945|INFO|Thread-7|dumpPacket|   key: CONTEST_IDENTIFIER is: java.lang.String Default-5078223832395999985
180411 181247.945|INFO|Thread-7|dumpPacket|   key: PROBLEM_LIST is: [Ledu.csus.ecs.pc2.core.model.Problem; [Ledu.csus.ecs.pc2.core.model.Problem;@72f8add5
180411 181247.945|INFO|Thread-7|dumpPacket|   key: SITE_NUMBER is: java.lang.Integer 1
180411 181247.946|INFO|Thread-7|dumpPacket|   key: CATEGORY_LIST is: [Ledu.csus.ecs.pc2.core.model.Category; [Ledu.csus.ecs.pc2.core.model.Category;@58ae9cf0
180411 181247.946|INFO|Thread-7|dumpPacket|   key: CLIENT_SETTINGS_LIST is: [Ledu.csus.ecs.pc2.core.model.ClientSettings; [Ledu.csus.ecs.pc2.core.model.ClientSettings;@f90879
180411 181247.946|INFO|Thread-7|dumpPacket|   key: LOCAL_LOGGED_IN_USERS is: [Ledu.csus.ecs.pc2.core.model.ClientId; [Ledu.csus.ecs.pc2.core.model.ClientId;@41972866
180411 181247.946|INFO|Thread-7|dumpPacket|   key: CLIENT_ID is: edu.csus.ecs.pc2.core.model.ClientId TEAM610 @ site 1
180411 181247.946|INFO|Thread-7|dumpPacket|   key: GROUP_LIST is: [Ledu.csus.ecs.pc2.core.model.Group; [Ledu.csus.ecs.pc2.core.model.Group;@76b6b384
180411 181247.946|INFO|Thread-7|dumpPacket|   key: CONNECTION_HANDLE_ID_LIST is: [Ledu.csus.ecs.pc2.core.transport.ConnectionHandlerID; [Ledu.csus.ecs.pc2.core.transport.ConnectionHandlerID;@5a53f8be
180411 181247.946|INFO|Thread-7|dumpPacket|   key: CONTEST_TIME is: edu.csus.ecs.pc2.core.model.ContestTime edu.csus.ecs.pc2.core.model.ContestTime@12a1894d
180411 181247.946|INFO|Thread-7|dumpPacket|   key: PROFILE_LIST is: [Ledu.csus.ecs.pc2.core.model.Profile; [Ledu.csus.ecs.pc2.core.model.Profile;@6a8d4767
180411 181247.946|INFO|Thread-7|dumpPacket|   key: CONTEST_TIME_LIST is: [Ledu.csus.ecs.pc2.core.model.ContestTime; [Ledu.csus.ecs.pc2.core.model.ContestTime;@29e4e321
180411 181247.946|INFO|Thread-7|dumpPacket|   key: CONTEST_INFORMATION is: edu.csus.ecs.pc2.core.model.ContestInformation edu.csus.ecs.pc2.core.model.ContestInformation@6cb768ab
180411 181247.946|INFO|Thread-7|dumpPacket|   key: SITE_LIST is: [Ledu.csus.ecs.pc2.core.model.Site; [Ledu.csus.ecs.pc2.core.model.Site;@72426f91
180411 181247.946|INFO|Thread-7|dumpPacket|   key: RUN_LIST is: [Ledu.csus.ecs.pc2.core.model.Run; [Ledu.csus.ecs.pc2.core.model.Run;@7274a8c1
180411 181303.410|INFO|Thread-9|run|send(Serializable)
180411 181303.493|INFO|Thread-1|receive|public void receive(SealedObject TransportPacket, ConnectionHandlerID connectionHandlerID)
180411 181305.736|INFO|Thread-1|receive|public void receive(SealedObject TransportPacket, ConnectionHandlerID connectionHandlerID)
180411 182946.908|INFO|Thread-12|run|send(Serializable)
